\BOOKMARK [0][-]{chapter.1}{Introduction}{}% 1
\BOOKMARK [1][-]{section.1.1}{General words on parallel programming}{chapter.1}% 2
\BOOKMARK [1][-]{section.1.2}{Problems of modern parallelizability assistance tools}{chapter.1}% 3
\BOOKMARK [1][-]{section.1.3}{Software source code metrics for parallelism}{chapter.1}% 4
\BOOKMARK [1][-]{section.1.4}{Software metrics for parallelism as a simple quantitative feedback to a programmer}{chapter.1}% 5
\BOOKMARK [1][-]{section.1.5}{The structure and the content of the thesis}{chapter.1}% 6
\BOOKMARK [0][-]{chapter.2}{Background and Related Work}{}% 7
\BOOKMARK [1][-]{section.2.1}{Software metrics in computer science}{chapter.2}% 8
\BOOKMARK [2][-]{subsection.2.1.1}{Source lines of code \(SLOC\) / lines of code \(LOC\)}{section.2.1}% 9
\BOOKMARK [2][-]{subsection.2.1.2}{McCabe's cyclomatic complexity \(CC\)}{section.2.1}% 10
\BOOKMARK [2][-]{subsection.2.1.3}{Halstead's complexity measures}{section.2.1}% 11
\BOOKMARK [2][-]{subsection.2.1.4}{Software cohesion and coupling}{section.2.1}% 12
\BOOKMARK [2][-]{subsection.2.1.5}{Function points}{section.2.1}% 13
\BOOKMARK [2][-]{subsection.2.1.6}{Object-Oriented software metrics}{section.2.1}% 14
\BOOKMARK [2][-]{subsection.2.1.7}{Security metrics for source code structures}{section.2.1}% 15
\BOOKMARK [2][-]{subsection.2.1.8}{Wrap-up}{section.2.1}% 16
\BOOKMARK [1][-]{section.2.2}{Metrics in the area of parallel computing}{chapter.2}% 17
\BOOKMARK [2][-]{subsection.2.2.1}{Speedup variants}{section.2.2}% 18
\BOOKMARK [1][-]{section.2.3}{Dependence theory}{chapter.2}% 19
\BOOKMARK [2][-]{subsection.2.3.1}{Dependence intuition}{section.2.3}% 20
\BOOKMARK [2][-]{subsection.2.3.2}{Types of dependencies}{section.2.3}% 21
\BOOKMARK [1][-]{section.2.4}{Graph theory}{chapter.2}% 22
\BOOKMARK [1][-]{section.2.5}{Program Dependence Graph \(PDG\)}{chapter.2}% 23
\BOOKMARK [2][-]{subsection.2.5.1}{Data dependence graph \(DDG\)}{section.2.5}% 24
\BOOKMARK [2][-]{subsection.2.5.2}{Memory dependence graph \(MDG\)}{section.2.5}% 25
\BOOKMARK [2][-]{subsection.2.5.3}{Control dependence graph \(CDG\)}{section.2.5}% 26
\BOOKMARK [2][-]{subsection.2.5.4}{Program dependence graph \(PDG\)}{section.2.5}% 27
\BOOKMARK [1][-]{section.2.6}{Loop iterator recognition and loop decoupling iterator-recognition-paper}{chapter.2}% 28
\BOOKMARK [2][-]{subsection.2.6.1}{Generalized loop iterator definition}{section.2.6}% 29
\BOOKMARK [2][-]{subsection.2.6.2}{Loop decoupling and iterator recognition analysis}{section.2.6}% 30
\BOOKMARK [1][-]{section.2.7}{Modern parallelisability advisor tools}{chapter.2}% 31
\BOOKMARK [2][-]{subsection.2.7.1}{Automatic parallelisation with Intel\(R\) C/C++ compilers \(ICC\)}{section.2.7}% 32
\BOOKMARK [0][-]{chapter.3}{Software Parallelisability Metrics}{}% 33
\BOOKMARK [1][-]{section.3.1}{General foundation and perspective of the work}{chapter.3}% 34
\BOOKMARK [2][-]{subsection.3.1.1}{Diversity in modern computer languages}{section.3.1}% 35
\BOOKMARK [2][-]{subsection.3.1.2}{The modern role of compilers}{section.3.1}% 36
\BOOKMARK [2][-]{subsection.3.1.3}{The famous 80/20 rule}{section.3.1}% 37
\BOOKMARK [2][-]{subsection.3.1.4}{Dependence-based approach to metrics computation}{section.3.1}% 38
\BOOKMARK [1][-]{section.3.2}{Metrics use}{chapter.3}% 39
\BOOKMARK [1][-]{section.3.3}{Metric Groups}{chapter.3}% 40
\BOOKMARK [2][-]{subsection.3.3.1}{Loop Proportion Metrics}{section.3.3}% 41
\BOOKMARK [2][-]{subsection.3.3.2}{Loop Dependence Metrics}{section.3.3}% 42
\BOOKMARK [2][-]{subsection.3.3.3}{Loop Cohesion Metrics}{section.3.3}% 43
\BOOKMARK [0][-]{chapter.4}{Computing Software Metrics for Parallelism}{}% 44
\BOOKMARK [1][-]{section.4.1}{Tool implementation}{chapter.4}% 45
\BOOKMARK [2][-]{subsection.4.1.1}{General software architecture}{section.4.1}% 46
\BOOKMARK [2][-]{subsection.4.1.2}{Standard LLVM analyses}{section.4.1}% 47
\BOOKMARK [2][-]{subsection.4.1.3}{Graph representation}{section.4.1}% 48
\BOOKMARK [2][-]{subsection.4.1.4}{Graph visualization facilities}{section.4.1}% 49
\BOOKMARK [2][-]{subsection.4.1.5}{Template specializations}{section.4.1}% 50
\BOOKMARK [1][-]{section.4.2}{The tool workflow}{chapter.4}% 51
\BOOKMARK [1][-]{section.4.3}{Tool use}{chapter.4}% 52
\BOOKMARK [0][-]{chapter.5}{Benchmarks}{}% 53
\BOOKMARK [0][-]{chapter.6}{Evaluation}{}% 54
\BOOKMARK [1][-]{section.6.1}{Analyses preparation phase}{chapter.6}% 55
\BOOKMARK [1][-]{section.6.2}{Data interpretation and visualization}{chapter.6}% 56
\BOOKMARK [2][-]{subsection.6.2.1}{Single loop metrics vs loop parallelisability analysis}{section.6.2}% 57
\BOOKMARK [2][-]{subsection.6.2.2}{Data clustering analysis}{section.6.2}% 58
\BOOKMARK [2][-]{subsection.6.2.3}{Decision tree based parallelisability classification}{section.6.2}% 59
\BOOKMARK [1][-]{section.6.3}{Manual analysis}{chapter.6}% 60
\BOOKMARK [1][-]{section.6.4}{Statistical analysis}{chapter.6}% 61
\BOOKMARK [0][-]{chapter.7}{Summary and Conclusion}{}% 62
\BOOKMARK [0][-]{chapter.8}{Future work and current limitations}{}% 63
\BOOKMARK [0][-]{appendix.A}{Appendix}{}% 64
\BOOKMARK [0][-]{appendix*.41}{Bibliography}{}% 65
