This is pdfTeX, Version 3.14159265-2.6-1.40.18 (TeX Live 2017/Debian) (preloaded format=pdflatex 2019.6.12)  27 JUN 2019 14:25
entering extended mode
 restricted \write18 enabled.
 %&-line parsing enabled.
**dissertation.tex
(./dissertation.tex
LaTeX2e <2017-04-15>
Babel <3.18> and hyphenation patterns for 9 language(s) loaded.
(./infthesis.cls
Document Class: infthesis 2013/02/07 v3.7 School of Informatics Thesis Class
(/usr/share/texlive/texmf-dist/tex/latex/geometry/geometry.sty
Package: geometry 2010/09/12 v5.6 Page Geometry

(/usr/share/texlive/texmf-dist/tex/latex/graphics/keyval.sty
Package: keyval 2014/10/28 v1.15 key=value parser (DPC)
\KV@toks@=\toks14
)
(/usr/share/texlive/texmf-dist/tex/generic/oberdiek/ifpdf.sty
Package: ifpdf 2017/03/15 v3.2 Provides the ifpdf switch
)
(/usr/share/texlive/texmf-dist/tex/generic/oberdiek/ifvtex.sty
Package: ifvtex 2016/05/16 v1.6 Detect VTeX and its facilities (HO)
Package ifvtex Info: VTeX not detected.
)
(/usr/share/texlive/texmf-dist/tex/generic/ifxetex/ifxetex.sty
Package: ifxetex 2010/09/12 v0.6 Provides ifxetex conditional
)
\Gm@cnth=\count79
\Gm@cntv=\count80
\c@Gm@tempcnt=\count81
\Gm@bindingoffset=\dimen102
\Gm@wd@mp=\dimen103
\Gm@odd@mp=\dimen104
\Gm@even@mp=\dimen105
\Gm@layoutwidth=\dimen106
\Gm@layoutheight=\dimen107
\Gm@layouthoffset=\dimen108
\Gm@layoutvoffset=\dimen109
\Gm@dimlist=\toks15
)
(/usr/share/texlive/texmf-dist/tex/latex/base/ifthen.sty
Package: ifthen 2014/09/29 v1.1c Standard LaTeX ifthen package (DPC)
)
(/usr/share/texlive/texmf-dist/tex/latex/graphics/graphics.sty
Package: graphics 2017/06/25 v1.2c Standard LaTeX Graphics (DPC,SPQR)

(/usr/share/texlive/texmf-dist/tex/latex/graphics/trig.sty
Package: trig 2016/01/03 v1.10 sin cos tan (DPC)
)
(/usr/share/texlive/texmf-dist/tex/latex/graphics-cfg/graphics.cfg
File: graphics.cfg 2016/06/04 v1.11 sample graphics configuration
)
Package graphics Info: Driver file: pdftex.def on input line 99.

(/usr/share/texlive/texmf-dist/tex/latex/graphics-def/pdftex.def
File: pdftex.def 2018/01/08 v1.0l Graphics/color driver for pdftex
))
(/usr/share/texlive/texmf-dist/tex/latex/tools/xspace.sty
Package: xspace 2014/10/28 v1.13 Space after command names (DPC,MH)
) (./eushield.sty
Package: eushield 2006/08/28\ v1.1\ Commands for including the EU shield graphi
c
)
(/usr/share/texlive/texmf-dist/tex/latex/base/report.cls
Document Class: report 2014/09/29 v1.4h Standard LaTeX document class
(/usr/share/texlive/texmf-dist/tex/latex/base/size12.clo
File: size12.clo 2014/09/29 v1.4h Standard LaTeX file (size option)
)
\c@part=\count82
\c@chapter=\count83
\c@section=\count84
\c@subsection=\count85
\c@subsubsection=\count86
\c@paragraph=\count87
\c@subparagraph=\count88
\c@figure=\count89
\c@table=\count90
\abovecaptionskip=\skip41
\belowcaptionskip=\skip42
\bibindent=\dimen110
)
(/usr/share/texlive/texmf-dist/tex/latex/pslatex/pslatex.sty
Package: pslatex 1996/07/24 v1.2 pslatex emulation (DPC)
LaTeX Font Info:    Redeclaring symbol font `operators' on input line 65.
LaTeX Font Info:    Overwriting symbol font `operators' in version `normal'
(Font)                  OT1/cmr/m/n --> OT1/ptmcm/m/n on input line 65.
LaTeX Font Info:    Overwriting symbol font `operators' in version `bold'
(Font)                  OT1/cmr/bx/n --> OT1/ptmcm/m/n on input line 65.
LaTeX Font Info:    Redeclaring symbol font `letters' on input line 66.
LaTeX Font Info:    Overwriting symbol font `letters' in version `normal'
(Font)                  OML/cmm/m/it --> OML/ptmcm/m/it on input line 66.
LaTeX Font Info:    Overwriting symbol font `letters' in version `bold'
(Font)                  OML/cmm/b/it --> OML/ptmcm/m/it on input line 66.
LaTeX Font Info:    Redeclaring symbol font `symbols' on input line 67.
LaTeX Font Info:    Overwriting symbol font `symbols' in version `normal'
(Font)                  OMS/cmsy/m/n --> OMS/pzccm/m/n on input line 67.
LaTeX Font Info:    Overwriting symbol font `symbols' in version `bold'
(Font)                  OMS/cmsy/b/n --> OMS/pzccm/m/n on input line 67.
LaTeX Font Info:    Redeclaring symbol font `largesymbols' on input line 68.
LaTeX Font Info:    Overwriting symbol font `largesymbols' in version `normal'
(Font)                  OMX/cmex/m/n --> OMX/psycm/m/n on input line 68.
LaTeX Font Info:    Overwriting symbol font `largesymbols' in version `bold'
(Font)                  OMX/cmex/m/n --> OMX/psycm/m/n on input line 68.
\symbold=\mathgroup4
\symitalic=\mathgroup5
LaTeX Font Info:    Redeclaring math alphabet \mathbf on input line 74.
LaTeX Font Info:    Overwriting math alphabet `\mathbf' in version `normal'
(Font)                  OT1/cmr/bx/n --> OT1/ptm/bx/n on input line 74.
LaTeX Font Info:    Overwriting math alphabet `\mathbf' in version `bold'
(Font)                  OT1/cmr/bx/n --> OT1/ptm/bx/n on input line 74.
LaTeX Font Info:    Redeclaring math alphabet \mathit on input line 75.
LaTeX Font Info:    Overwriting math alphabet `\mathit' in version `normal'
(Font)                  OT1/cmr/m/it --> OT1/ptm/m/it on input line 75.
LaTeX Font Info:    Overwriting math alphabet `\mathit' in version `bold'
(Font)                  OT1/cmr/bx/it --> OT1/ptm/m/it on input line 75.
)
(/usr/share/texlive/texmf-dist/tex/latex/sectsty/sectsty.sty
Package: sectsty 2002/02/25 v2.0.2 Commands to change all sectional heading sty
les
)
(/usr/share/texlive/texmf-dist/tex/latex/caption/caption.sty
Package: caption 2016/02/21 v3.3-144 Customizing captions (AR)

(/usr/share/texlive/texmf-dist/tex/latex/caption/caption3.sty
Package: caption3 2016/05/22 v1.7-166 caption3 kernel (AR)
Package caption3 Info: TeX engine: e-TeX on input line 67.
\captionmargin=\dimen111
\captionmargin@=\dimen112
\captionwidth=\dimen113
\caption@tempdima=\dimen114
\caption@indent=\dimen115
\caption@parindent=\dimen116
\caption@hangindent=\dimen117
)
\c@ContinuedFloat=\count91
))
(/usr/share/texlive/texmf-dist/tex/latex/cite/cite.sty
LaTeX Info: Redefining \cite on input line 302.
LaTeX Info: Redefining \nocite on input line 332.
Package: cite 2015/02/27  v 5.5
)
(/usr/share/texlive/texmf-dist/tex/latex/float/float.sty
Package: float 2001/11/08 v1.3d Float enhancements (AL)
\c@float@type=\count92
\float@exts=\toks16
\float@box=\box26
\@float@everytoks=\toks17
\@floatcapt=\box27
)
(/usr/share/texlive/texmf-dist/tex/latex/graphics/graphicx.sty
Package: graphicx 2017/06/01 v1.1a Enhanced LaTeX Graphics (DPC,SPQR)
\Gin@req@height=\dimen118
\Gin@req@width=\dimen119
)
(/usr/share/texlive/texmf-dist/tex/latex/caption/subcaption.sty
Package: subcaption 2016/05/22 v1.1-161 Sub-captions (AR)
\c@subfigure=\count93
\c@subtable=\count94
)
(/usr/share/texlive/texmf-dist/tex/latex/amscls/amsthm.sty
Package: amsthm 2017/10/31 v2.20.4
\thm@style=\toks18
\thm@bodyfont=\toks19
\thm@headfont=\toks20
\thm@notefont=\toks21
\thm@headpunct=\toks22
\thm@preskip=\skip43
\thm@postskip=\skip44
\thm@headsep=\skip45
\dth@everypar=\toks23
)
(/usr/share/texlive/texmf-dist/tex/latex/amsmath/amsmath.sty
Package: amsmath 2017/09/02 v2.17a AMS math features
\@mathmargin=\skip46

For additional information on amsmath, use the `?' option.
(/usr/share/texlive/texmf-dist/tex/latex/amsmath/amstext.sty
Package: amstext 2000/06/29 v2.01 AMS text

(/usr/share/texlive/texmf-dist/tex/latex/amsmath/amsgen.sty
File: amsgen.sty 1999/11/30 v2.0 generic functions
\@emptytoks=\toks24
\ex@=\dimen120
))
(/usr/share/texlive/texmf-dist/tex/latex/amsmath/amsbsy.sty
Package: amsbsy 1999/11/29 v1.2d Bold Symbols
\pmbraise@=\dimen121
)
(/usr/share/texlive/texmf-dist/tex/latex/amsmath/amsopn.sty
Package: amsopn 2016/03/08 v2.02 operator names
)
\inf@bad=\count95
LaTeX Info: Redefining \frac on input line 213.
\uproot@=\count96
\leftroot@=\count97
LaTeX Info: Redefining \overline on input line 375.
\classnum@=\count98
\DOTSCASE@=\count99
LaTeX Info: Redefining \ldots on input line 472.
LaTeX Info: Redefining \dots on input line 475.
LaTeX Info: Redefining \cdots on input line 596.
\Mathstrutbox@=\box28
\strutbox@=\box29
\big@size=\dimen122
LaTeX Font Info:    Redeclaring font encoding OML on input line 712.
LaTeX Font Info:    Redeclaring font encoding OMS on input line 713.
\macc@depth=\count100
\c@MaxMatrixCols=\count101
\dotsspace@=\muskip10
\c@parentequation=\count102
\dspbrk@lvl=\count103
\tag@help=\toks25
\row@=\count104
\column@=\count105
\maxfields@=\count106
\andhelp@=\toks26
\eqnshift@=\dimen123
\alignsep@=\dimen124
\tagshift@=\dimen125
\tagwidth@=\dimen126
\totwidth@=\dimen127
\lineht@=\dimen128
\@envbody=\toks27
\multlinegap=\skip47
\multlinetaggap=\skip48
\mathdisplay@stack=\toks28
LaTeX Info: Redefining \[ on input line 2817.
LaTeX Info: Redefining \] on input line 2818.
)
(/usr/share/texlive/texmf-dist/tex/latex/amsfonts/amssymb.sty
Package: amssymb 2013/01/14 v3.01 AMS font symbols

(/usr/share/texlive/texmf-dist/tex/latex/amsfonts/amsfonts.sty
Package: amsfonts 2013/01/14 v3.01 Basic AMSFonts support
\symAMSa=\mathgroup6
\symAMSb=\mathgroup7
LaTeX Font Info:    Overwriting math alphabet `\mathfrak' in version `bold'
(Font)                  U/euf/m/n --> U/euf/b/n on input line 106.
))
(/usr/share/texlive/texmf-dist/tex/latex/mathtools/mathtools.sty
Package: mathtools 2018/01/08 v1.21 mathematical typesetting tools

(/usr/share/texlive/texmf-dist/tex/latex/tools/calc.sty
Package: calc 2014/10/28 v4.3 Infix arithmetic (KKT,FJ)
\calc@Acount=\count107
\calc@Bcount=\count108
\calc@Adimen=\dimen129
\calc@Bdimen=\dimen130
\calc@Askip=\skip49
\calc@Bskip=\skip50
LaTeX Info: Redefining \setlength on input line 80.
LaTeX Info: Redefining \addtolength on input line 81.
\calc@Ccount=\count109
\calc@Cskip=\skip51
)
(/usr/share/texlive/texmf-dist/tex/latex/mathtools/mhsetup.sty
Package: mhsetup 2017/03/31 v1.3 programming setup (MH)
)
LaTeX Info: Thecontrolsequence`\('isalreadyrobust on input line 129.
LaTeX Info: Thecontrolsequence`\)'isalreadyrobust on input line 129.
LaTeX Info: Thecontrolsequence`\['isalreadyrobust on input line 129.
LaTeX Info: Thecontrolsequence`\]'isalreadyrobust on input line 129.
\g_MT_multlinerow_int=\count110
\l_MT_multwidth_dim=\dimen131
\origjot=\skip52
\l_MT_shortvdotswithinadjustabove_dim=\dimen132
\l_MT_shortvdotswithinadjustbelow_dim=\dimen133
\l_MT_above_intertext_sep=\dimen134
\l_MT_below_intertext_sep=\dimen135
\l_MT_above_shortintertext_sep=\dimen136
\l_MT_below_shortintertext_sep=\dimen137
)
(/usr/share/texlive/texmf-dist/tex/latex/url/url.sty
\Urlmuskip=\muskip11
Package: url 2013/09/16  ver 3.4  Verb mode for urls, etc.
)
(/usr/share/texlive/texmf-dist/tex/latex/hyperref/hyperref.sty
Package: hyperref 2018/02/06 v6.86b Hypertext links for LaTeX

(/usr/share/texlive/texmf-dist/tex/generic/oberdiek/hobsub-hyperref.sty
Package: hobsub-hyperref 2016/05/16 v1.14 Bundle oberdiek, subset hyperref (HO)


(/usr/share/texlive/texmf-dist/tex/generic/oberdiek/hobsub-generic.sty
Package: hobsub-generic 2016/05/16 v1.14 Bundle oberdiek, subset generic (HO)
Package: hobsub 2016/05/16 v1.14 Construct package bundles (HO)
Package: infwarerr 2016/05/16 v1.4 Providing info/warning/error messages (HO)
Package: ltxcmds 2016/05/16 v1.23 LaTeX kernel commands for general use (HO)
Package: ifluatex 2016/05/16 v1.4 Provides the ifluatex switch (HO)
Package ifluatex Info: LuaTeX not detected.
Package hobsub Info: Skipping package `ifvtex' (already loaded).
Package: intcalc 2016/05/16 v1.2 Expandable calculations with integers (HO)
Package hobsub Info: Skipping package `ifpdf' (already loaded).
Package: etexcmds 2016/05/16 v1.6 Avoid name clashes with e-TeX commands (HO)
Package etexcmds Info: Could not find \expanded.
(etexcmds)             That can mean that you are not using pdfTeX 1.50 or
(etexcmds)             that some package has redefined \expanded.
(etexcmds)             In the latter case, load this package earlier.
Package: kvsetkeys 2016/05/16 v1.17 Key value parser (HO)
Package: kvdefinekeys 2016/05/16 v1.4 Define keys (HO)
Package: pdftexcmds 2018/01/21 v0.26 Utility functions of pdfTeX for LuaTeX (HO
)
Package pdftexcmds Info: LuaTeX not detected.
Package pdftexcmds Info: \pdf@primitive is available.
Package pdftexcmds Info: \pdf@ifprimitive is available.
Package pdftexcmds Info: \pdfdraftmode found.
Package: pdfescape 2016/05/16 v1.14 Implements pdfTeX's escape features (HO)
Package: bigintcalc 2016/05/16 v1.4 Expandable calculations on big integers (HO
)
Package: bitset 2016/05/16 v1.2 Handle bit-vector datatype (HO)
Package: uniquecounter 2016/05/16 v1.3 Provide unlimited unique counter (HO)
)
Package hobsub Info: Skipping package `hobsub' (already loaded).
Package: letltxmacro 2016/05/16 v1.5 Let assignment for LaTeX macros (HO)
Package: hopatch 2016/05/16 v1.3 Wrapper for package hooks (HO)
Package: xcolor-patch 2016/05/16 xcolor patch
Package: atveryend 2016/05/16 v1.9 Hooks at the very end of document (HO)
Package atveryend Info: \enddocument detected (standard20110627).
Package: atbegshi 2016/06/09 v1.18 At begin shipout hook (HO)
Package: refcount 2016/05/16 v3.5 Data extraction from label references (HO)
Package: hycolor 2016/05/16 v1.8 Color options for hyperref/bookmark (HO)
)
(/usr/share/texlive/texmf-dist/tex/latex/oberdiek/auxhook.sty
Package: auxhook 2016/05/16 v1.4 Hooks for auxiliary files (HO)
)
(/usr/share/texlive/texmf-dist/tex/latex/oberdiek/kvoptions.sty
Package: kvoptions 2016/05/16 v3.12 Key value format for package options (HO)
)
\@linkdim=\dimen138
\Hy@linkcounter=\count111
\Hy@pagecounter=\count112

(/usr/share/texlive/texmf-dist/tex/latex/hyperref/pd1enc.def
File: pd1enc.def 2018/02/06 v6.86b Hyperref: PDFDocEncoding definition (HO)
)
\Hy@SavedSpaceFactor=\count113

(/usr/share/texlive/texmf-dist/tex/latex/latexconfig/hyperref.cfg
File: hyperref.cfg 2002/06/06 v1.2 hyperref configuration of TeXLive
)
Package hyperref Info: Hyper figures OFF on input line 4509.
Package hyperref Info: Link nesting OFF on input line 4514.
Package hyperref Info: Hyper index ON on input line 4517.
Package hyperref Info: Plain pages OFF on input line 4524.
Package hyperref Info: Backreferencing OFF on input line 4529.
Package hyperref Info: Implicit mode ON; LaTeX internals redefined.
Package hyperref Info: Bookmarks ON on input line 4762.
\c@Hy@tempcnt=\count114
LaTeX Info: Redefining \url on input line 5115.
\XeTeXLinkMargin=\dimen139
\Fld@menulength=\count115
\Field@Width=\dimen140
\Fld@charsize=\dimen141
Package hyperref Info: Hyper figures OFF on input line 6369.
Package hyperref Info: Link nesting OFF on input line 6374.
Package hyperref Info: Hyper index ON on input line 6377.
Package hyperref Info: backreferencing OFF on input line 6384.
Package hyperref Info: Link coloring OFF on input line 6389.
Package hyperref Info: Link coloring with OCG OFF on input line 6394.
Package hyperref Info: PDF/A mode OFF on input line 6399.
LaTeX Info: Redefining \ref on input line 6439.
LaTeX Info: Redefining \pageref on input line 6443.
\Hy@abspage=\count116
\c@Item=\count117
\c@Hfootnote=\count118
)
Package hyperref Info: Driver (autodetected): hpdftex.

(/usr/share/texlive/texmf-dist/tex/latex/hyperref/hpdftex.def
File: hpdftex.def 2018/02/06 v6.86b Hyperref driver for pdfTeX
\Fld@listcount=\count119
\c@bookmark@seq@number=\count120

(/usr/share/texlive/texmf-dist/tex/latex/oberdiek/rerunfilecheck.sty
Package: rerunfilecheck 2016/05/16 v1.8 Rerun checks for auxiliary files (HO)
Package uniquecounter Info: New unique counter `rerunfilecheck' on input line 2
82.
)
\Hy@SectionHShift=\skip53
)
(/usr/share/texlive/texmf-dist/tex/latex/enumitem/enumitem.sty
Package: enumitem 2011/09/28 v3.5.2 Customized lists
\labelindent=\skip54
\enit@outerparindent=\dimen142
\enit@toks=\toks29
\enit@inbox=\box30
\enitdp@description=\count121
)
(/usr/share/texlive/texmf-dist/tex/latex/graphics/rotating.sty
Package: rotating 2016/08/11 v2.16d rotated objects in LaTeX
\c@r@tfl@t=\count122
\rotFPtop=\skip55
\rotFPbot=\skip56
\rot@float@box=\box31
\rot@mess@toks=\toks30
)
(/usr/share/texlive/texmf-dist/tex/latex/oberdiek/pdflscape.sty
Package: pdflscape 2016/05/14 v0.11 Display of landscape pages in PDF (HO)

(/usr/share/texlive/texmf-dist/tex/latex/graphics/lscape.sty
Package: lscape 2000/10/22 v3.01 Landscape Pages (DPC)
)
Package pdflscape Info: Auto-detected driver: pdftex on input line 81.
)
(/usr/share/texlive/texmf-dist/tex/latex/listings/listings.sty
\lst@mode=\count123
\lst@gtempboxa=\box32
\lst@token=\toks31
\lst@length=\count124
\lst@currlwidth=\dimen143
\lst@column=\count125
\lst@pos=\count126
\lst@lostspace=\dimen144
\lst@width=\dimen145
\lst@newlines=\count127
\lst@lineno=\count128
\lst@maxwidth=\dimen146

(/usr/share/texlive/texmf-dist/tex/latex/listings/lstmisc.sty
File: lstmisc.sty 2015/06/04 1.6 (Carsten Heinz)
\c@lstnumber=\count129
\lst@skipnumbers=\count130
\lst@framebox=\box33
)
(/usr/share/texlive/texmf-dist/tex/latex/listings/listings.cfg
File: listings.cfg 2015/06/04 1.6 listings configuration
))
Package: listings 2015/06/04 1.6 (Carsten Heinz)

(/usr/share/texlive/texmf-dist/tex/latex/graphics/color.sty
Package: color 2016/07/10 v1.1e Standard LaTeX Color (DPC)

(/usr/share/texlive/texmf-dist/tex/latex/graphics-cfg/color.cfg
File: color.cfg 2016/01/02 v1.6 sample color configuration
)
Package color Info: Driver file: pdftex.def on input line 147.
)
(/usr/share/texlive/texmf-dist/tex/latex/listings/lstlang1.sty
File: lstlang1.sty 2015/06/04 1.6 listings language file
)
(/usr/share/texlive/texmf-dist/tex/latex/listings/lstmisc.sty
File: lstmisc.sty 2015/06/04 1.6 (Carsten Heinz)
)
\c@definition=\count131

(./dissertation.aux (./src/introduction.aux) (./src/background.aux)
(./src/metrics.aux) (./src/implementation.aux) (./src/benchmarks.aux)
(./src/analysis.aux

LaTeX Warning: Label `clusters-metric-values' multiply defined.

) (./src/results.aux) (./src/future.aux) (./src/appendix.aux))
\openout1 = `dissertation.aux'.

LaTeX Font Info:    Checking defaults for OML/cmm/m/it on input line 141.
LaTeX Font Info:    ... okay on input line 141.
LaTeX Font Info:    Checking defaults for T1/cmr/m/n on input line 141.
LaTeX Font Info:    ... okay on input line 141.
LaTeX Font Info:    Checking defaults for OT1/cmr/m/n on input line 141.
LaTeX Font Info:    ... okay on input line 141.
LaTeX Font Info:    Checking defaults for OMS/pzccm/m/n on input line 141.
LaTeX Font Info:    Try loading font information for OMS+pzccm on input line 14
1.

(/usr/share/texlive/texmf-dist/tex/latex/psnfss/omspzccm.fd
File: omspzccm.fd 2000/01/03 Fontinst v1.801 font definitions for OMS/pzccm.
)
LaTeX Font Info:    ... okay on input line 141.
LaTeX Font Info:    Checking defaults for OMX/cmex/m/n on input line 141.
LaTeX Font Info:    ... okay on input line 141.
LaTeX Font Info:    Checking defaults for U/cmr/m/n on input line 141.
LaTeX Font Info:    ... okay on input line 141.
LaTeX Font Info:    Checking defaults for PD1/pdf/m/n on input line 141.
LaTeX Font Info:    ... okay on input line 141.

*geometry* driver: auto-detecting
*geometry* detected driver: pdftex
*geometry* verbose mode - [ preamble ] result:
* driver: pdftex
* paper: a4paper
* layout: <same size as paper>
* layoutoffset:(h,v)=(0.0pt,0.0pt)
* modes: twoside 
* h-part:(L,W,R)=(113.81102pt, 412.56497pt, 71.13188pt)
* v-part:(T,H,B)=(56.9055pt, 674.33032pt, 113.81102pt)
* \paperwidth=597.50787pt
* \paperheight=845.04684pt
* \textwidth=412.56497pt
* \textheight=674.33032pt
* \oddsidemargin=41.54103pt
* \evensidemargin=-1.1381pt
* \topmargin=-52.36449pt
* \headheight=12.0pt
* \headsep=25.0pt
* \topskip=12.0pt
* \footskip=30.0pt
* \marginparwidth=85.0pt
* \marginparsep=10.0pt
* \columnsep=10.0pt
* \skip\footins=10.8pt plus 4.0pt minus 2.0pt
* \hoffset=0.0pt
* \voffset=0.0pt
* \mag=1000
* \@twocolumnfalse
* \@twosidetrue
* \@mparswitchtrue
* \@reversemarginfalse
* (1in=72.27pt=25.4mm, 1cm=28.453pt)

(/usr/share/texlive/texmf-dist/tex/context/base/mkii/supp-pdf.mkii
[Loading MPS to PDF converter (version 2006.09.02).]
\scratchcounter=\count132
\scratchdimen=\dimen147
\scratchbox=\box34
\nofMPsegments=\count133
\nofMParguments=\count134
\everyMPshowfont=\toks32
\MPscratchCnt=\count135
\MPscratchDim=\dimen148
\MPnumerator=\count136
\makeMPintoPDFobject=\count137
\everyMPtoPDFconversion=\toks33
) (/usr/share/texlive/texmf-dist/tex/latex/oberdiek/epstopdf-base.sty
Package: epstopdf-base 2016/05/15 v2.6 Base part for package epstopdf

(/usr/share/texlive/texmf-dist/tex/latex/oberdiek/grfext.sty
Package: grfext 2016/05/16 v1.2 Manage graphics extensions (HO)
)
Package epstopdf-base Info: Redefining graphics rule for `.eps' on input line 4
38.
Package grfext Info: Graphics extension search list:
(grfext)             [.pdf,.png,.jpg,.mps,.jpeg,.jbig2,.jb2,.PDF,.PNG,.JPG,.JPE
G,.JBIG2,.JB2,.eps]
(grfext)             \AppendGraphicsExtensions on input line 456.

(/usr/share/texlive/texmf-dist/tex/latex/latexconfig/epstopdf-sys.cfg
File: epstopdf-sys.cfg 2010/07/13 v1.3 Configuration of (r)epstopdf for TeX Liv
e
))
Package caption Info: Begin \AtBeginDocument code.
Package caption Info: float package is loaded.
Package caption Info: hyperref package is loaded.
Package caption Info: listings package is loaded.
Package caption Info: rotating package is loaded.
Package caption Info: End \AtBeginDocument code.
\AtBeginShipoutBox=\box35
Package hyperref Info: Link coloring OFF on input line 141.

(/usr/share/texlive/texmf-dist/tex/latex/hyperref/nameref.sty
Package: nameref 2016/05/21 v2.44 Cross-referencing by name of section

(/usr/share/texlive/texmf-dist/tex/generic/oberdiek/gettitlestring.sty
Package: gettitlestring 2016/05/16 v1.5 Cleanup title references (HO)
)
\c@section@level=\count138
)
LaTeX Info: Redefining \ref on input line 141.
LaTeX Info: Redefining \pageref on input line 141.
LaTeX Info: Redefining \nameref on input line 141.

(./dissertation.out) (./dissertation.out)
\@outlinefile=\write3
\openout3 = `dissertation.out'.

\c@lstlisting=\count139
LaTeX Font Info:    Font shape `OT1/ptm/bx/n' in size <20.74> not available
(Font)              Font shape `OT1/ptm/b/n' tried instead on input line 148.
LaTeX Font Info:    Font shape `OT1/phv/bx/n' in size <20.74> not available
(Font)              Font shape `OT1/phv/b/n' tried instead on input line 148.
LaTeX Font Info:    Font shape `OT1/phv/b/n' will be
(Font)              scaled to size 18.66588pt on input line 148.
<eushield-normal.pdf, id=265, 369.38pt x 373.395pt>
File: eushield-normal.pdf Graphic file (type pdf)
<use eushield-normal.pdf>
Package pdftex.def Info: eushield-normal.pdf  used on input line 148.
(pdftex.def)             Requested size: 369.37909pt x 373.39409pt.
 [1

{/var/lib/texmf/fonts/map/pdftex/updmap/pdftex.map} <./eushield-normal.pdf>] [2

]
LaTeX Font Info:    Font shape `OT1/phv/m/n' will be
(Font)              scaled to size 10.79993pt on input line 148.
LaTeX Font Info:    Font shape `OT1/phv/bx/n' in size <12> not available
(Font)              Font shape `OT1/phv/b/n' tried instead on input line 148.
LaTeX Font Info:    Font shape `OT1/phv/b/n' will be
(Font)              scaled to size 10.79993pt on input line 148.
Missing character: There is no ‚ in font ptmr7t!
Missing character: There is no Ä in font ptmr7t!
Missing character: There is no ú in font ptmr7t!
Missing character: There is no ‚ in font ptmr7t!
Missing character: There is no Ä in font ptmr7t!
Missing character: There is no ù in font ptmr7t!
 [3]
Underfull \hbox (badness 10000) in paragraph at lines 151--154

 []

LaTeX Font Info:    Font shape `OT1/ptm/bx/n' in size <12> not available
(Font)              Font shape `OT1/ptm/b/n' tried instead on input line 155.
[4] [5] [6

]
LaTeX Font Info:    Font shape `OT1/ptm/bx/n' in size <24.88> not available
(Font)              Font shape `OT1/ptm/b/n' tried instead on input line 167.
LaTeX Font Info:    Font shape `OT1/phv/bx/n' in size <24.88> not available
(Font)              Font shape `OT1/phv/b/n' tried instead on input line 167.
LaTeX Font Info:    Font shape `OT1/phv/b/n' will be
(Font)              scaled to size 22.39185pt on input line 167.
 (./dissertation.toc
LaTeX Font Info:    Try loading font information for OT1+ptmcm on input line 2.


(/usr/share/texlive/texmf-dist/tex/latex/psnfss/ot1ptmcm.fd
File: ot1ptmcm.fd 2000/01/03 Fontinst v1.801 font definitions for OT1/ptmcm.
)
LaTeX Font Info:    Try loading font information for OML+ptmcm on input line 2.


(/usr/share/texlive/texmf-dist/tex/latex/psnfss/omlptmcm.fd
File: omlptmcm.fd 2000/01/03 Fontinst v1.801 font definitions for OML/ptmcm.
)
LaTeX Font Info:    Try loading font information for OMX+psycm on input line 2.


(/usr/share/texlive/texmf-dist/tex/latex/psnfss/omxpsycm.fd
File: omxpsycm.fd 2000/01/03 Fontinst v1.801 font definitions for OMX/psycm.
)
LaTeX Font Info:    Font shape `OT1/ptm/bx/n' in size <9> not available
(Font)              Font shape `OT1/ptm/b/n' tried instead on input line 2.
LaTeX Font Info:    Font shape `OT1/ptm/bx/n' in size <7> not available
(Font)              Font shape `OT1/ptm/b/n' tried instead on input line 2.
LaTeX Font Info:    Try loading font information for U+msa on input line 2.

(/usr/share/texlive/texmf-dist/tex/latex/amsfonts/umsa.fd
File: umsa.fd 2013/01/14 v3.01 AMS symbols A
)
LaTeX Font Info:    Try loading font information for U+msb on input line 2.

(/usr/share/texlive/texmf-dist/tex/latex/amsfonts/umsb.fd
File: umsb.fd 2013/01/14 v3.01 AMS symbols B
) [7] [8])
\tf@toc=\write4
\openout4 = `dissertation.toc'.

 [9]
[10

]
\openout2 = `src/introduction.aux'.

 (./src/introduction.tex
Chapter 1.
LaTeX Font Info:    Font shape `OT1/ptm/bx/n' in size <17.28> not available
(Font)              Font shape `OT1/ptm/b/n' tried instead on input line 3.
LaTeX Font Info:    Font shape `OT1/phv/bx/n' in size <17.28> not available
(Font)              Font shape `OT1/phv/b/n' tried instead on input line 3.
LaTeX Font Info:    Font shape `OT1/phv/b/n' will be
(Font)              scaled to size 15.55188pt on input line 3.
Missing character: There is no ‚ in font ptmr7t!
Missing character: There is no Ä in font ptmr7t!
Missing character: There is no ú in font ptmr7t!
Missing character: There is no ‚ in font ptmr7t!
Missing character: There is no Ä in font ptmr7t!
Missing character: There is no ù in font ptmr7t!
[1


]
Overfull \hbox (11.38986pt too wide) in paragraph at lines 13--13
[]\OT1/phv/b/n/17.28 Problems of mod-ern par-al-leliz-abil-ity as-sis-tance too
ls 
 []


Underfull \hbox (badness 10000) in paragraph at lines 14--15

 []


Underfull \hbox (badness 10000) in paragraph at lines 16--20

 []

LaTeX Font Info:    Font shape `OT1/phv/m/it' in size <12> not available
(Font)              Font shape `OT1/phv/m/sl' tried instead on input line 20.
LaTeX Font Info:    Font shape `OT1/phv/m/sl' will be
(Font)              scaled to size 10.79993pt on input line 20.
[2]
Package hyperref Info: bookmark level for unknown lstlisting defaults to 0 on i
nput line 25.
LaTeX Font Info:    Font shape `OT1/pcr/bx/n' in size <12> not available
(Font)              Font shape `OT1/pcr/b/n' tried instead on input line 26.
)
Underfull \vbox (badness 5622) has occurred while \output is active []


Overfull \hbox (4.04832pt too wide) has occurred while \output is active
\OT1/phv/m/sl/12 1.4.  Software metrics for parallelism as a simple quantitativ
e feedback to a programmer \OT1/phv/m/n/12 3
 []

[3]
Underfull \vbox (badness 2393) has occurred while \output is active []

 [4]
[5]
\openout2 = `src/background.aux'.

 (./src/background.tex [6



]
Chapter 2.

Underfull \vbox (badness 3364) has occurred while \output is active []

 [7]
[8]
LaTeX Font Info:    Font shape `OT1/ptm/bx/n' in size <14.4> not available
(Font)              Font shape `OT1/ptm/b/n' tried instead on input line 18.
LaTeX Font Info:    Font shape `OT1/phv/bx/n' in size <14.4> not available
(Font)              Font shape `OT1/phv/b/n' tried instead on input line 18.
LaTeX Font Info:    Font shape `OT1/phv/b/n' will be
(Font)              scaled to size 12.9599pt on input line 18.
 [9]
Missing character: There is no ‚ in font ptmr7t!
Missing character: There is no Ä in font ptmr7t!
Missing character: There is no ú in font ptmr7t!
Missing character: There is no ‚ in font ptmr7t!
Missing character: There is no Ä in font ptmr7t!
Missing character: There is no ù in font ptmr7t!
LaTeX Font Info:    Try loading font information for OML+ptm on input line 44.
 (/usr/share/texlive/texmf-dist/tex/latex/psnfss/omlptm.fd
File: omlptm.fd 
)
LaTeX Font Info:    Font shape `OML/ptm/m/n' in size <12> not available
(Font)              Font shape `OML/cmm/m/it' tried instead on input line 44.
 [10]
[11] [12] [13] [14] [15]
Overfull \hbox (5.77522pt too wide) in paragraph at lines 132--136
[] \OT1/ptm/m/n/12 The Pro-gram De-pen-dence Graph in this project con-sists of
 three con-stituent graphs:
 []

[16]

Package hyperref Warning: Token not allowed in a PDF string (PDFDocEncoding):
(hyperref)                removing `\@ifnextchar' on input line 153.


Underfull \hbox (badness 10000) in paragraph at lines 159--161

 []

[17] [18]
Missing character: There is no ‚ in font ptmr7t!
Missing character: There is no Ä in font ptmr7t!
Missing character: There is no ú in font ptmr7t!
Missing character: There is no ‚ in font ptmr7t!
Missing character: There is no Ä in font ptmr7t!
Missing character: There is no ù in font ptmr7t!
Missing character: There is no ‚ in font ptmr7t!
Missing character: There is no Ä in font ptmr7t!
Missing character: There is no ú in font ptmr7t!
Missing character: There is no ‚ in font ptmr7t!
Missing character: There is no Ä in font ptmr7t!
Missing character: There is no ù in font ptmr7t!
Missing character: There is no ¬ in font ptmr7t!
Missing character: There is no Æ in font ptmr7t!
Missing character: There is no ¬ in font ptmr7t!
Missing character: There is no Æ in font ptmr7t!
Missing character: There is no ‚ in font ptmr7t!
Missing character: There is no Ñ in font ptmr7t!
Missing character: There is no ¢ in font ptmr7t!
Missing character: There is no ¬ in font ptmr7t!
Missing character: There is no Æ in font ptmr7t!
Missing character: There is no ¬ in font ptmr7t!
Missing character: There is no Æ in font ptmr7t!
Missing character: There is no ¬ in font ptmr7t!
Missing character: There is no Æ in font ptmr7t!
) [19] [20]
\openout2 = `src/metrics.aux'.

 (./src/metrics.tex
Chapter 3.
[21



]
Overfull \hbox (18.4825pt too wide) in paragraph at lines 26--27
 \OT1/ptm/m/n/12 Com-piler par-al-leli-sa-tion of pro-gram state-ments is ba-si
-cally hin-dered by the execution-
 []

[22]
<figs/metrics-use-pdg-0.pdf, id=658, 3519.1475pt x 744.7825pt>
File: figs/metrics-use-pdg-0.pdf Graphic file (type pdf)
<use figs/metrics-use-pdg-0.pdf>
Package pdftex.def Info: figs/metrics-use-pdg-0.pdf  used on input line 53.
(pdftex.def)             Requested size: 412.56497pt x 87.31308pt.

Overfull \hbox (0.86696pt too wide) in paragraph at lines 43--60
\OT1/ptm/m/it/12 proper-sccs-number\OT1/ptm/m/n/12 : 0, \OT1/ptm/m/it/12 loop-c
ritical-payload-fraction\OT1/ptm/m/n/12 : 0.0000, \OT1/ptm/m/it/12 iterator-pay
load-total-
 []


Overfull \hbox (0.86696pt too wide) in paragraph at lines 43--60
\OT1/ptm/m/it/12 proper-sccs-number\OT1/ptm/m/n/12 : 1, \OT1/ptm/m/it/12 loop-c
ritical-payload-fraction\OT1/ptm/m/n/12 : 0.2222, \OT1/ptm/m/it/12 iterator-pay
load-total-
 []


Overfull \hbox (11.91922pt too wide) in paragraph at lines 43--60
\OT1/ptm/m/it/12 payload-fraction\OT1/ptm/m/n/12 , \OT1/ptm/m/it/12 iterator-pa
yload-total-cohesion\OT1/ptm/m/n/12 , \OT1/ptm/m/it/12 iterator-payload-non-cf-
cohesion \OT1/ptm/m/n/12 cor-
 []

[23] [24 <./figs/metrics-use-pdg-0.pdf>]
Overfull \hbox (28.86244pt too wide) in paragraph at lines 71--79
\OT1/ptm/m/it/12 proper-sccs-number\OT1/ptm/m/n/12 : 1, \OT1/ptm/m/it/12 loop-c
ritical-payload-fraction\OT1/ptm/m/n/12 : 0.5, \OT1/ptm/m/it/12 iterator-payloa
d-total-cohesion\OT1/ptm/m/n/12 :
 []


Overfull \hbox (0.86696pt too wide) in paragraph at lines 71--79
\OT1/ptm/m/it/12 proper-sccs-number\OT1/ptm/m/n/12 : 1, \OT1/ptm/m/it/12 loop-c
ritical-payload-fraction\OT1/ptm/m/n/12 : 0.4286, \OT1/ptm/m/it/12 iterator-pay
load-total-
 []

[25]
<figs/metrics-example-loop-pdg.pdf, id=717, 3039.355pt x 984.67876pt>
File: figs/metrics-example-loop-pdg.pdf Graphic file (type pdf)
<use figs/metrics-example-loop-pdg.pdf>
Package pdftex.def Info: figs/metrics-example-loop-pdg.pdf  used on input line 
90.
(pdftex.def)             Requested size: 412.56497pt x 133.6471pt.
 [26 <./figs/metrics-example-loop-pdg.pdf>]
LaTeX Font Info:    Font shape `OT1/ptm/bx/it' in size <12> not available
(Font)              Font shape `OT1/ptm/b/it' tried instead on input line 108.
 [27]
<figs/metrics-example-loop-1-pdg.pdf, id=756, 2606.73875pt x 576.1525pt>
File: figs/metrics-example-loop-1-pdg.pdf Graphic file (type pdf)
<use figs/metrics-example-loop-1-pdg.pdf>
Package pdftex.def Info: figs/metrics-example-loop-1-pdg.pdf  used on input lin
e 120.
(pdftex.def)             Requested size: 412.56497pt x 91.18405pt.
<figs/metrics-example-loop-2-pdg.pdf, id=766, 2922.92pt x 509.905pt>
File: figs/metrics-example-loop-2-pdg.pdf Graphic file (type pdf)
<use figs/metrics-example-loop-2-pdg.pdf>
Package pdftex.def Info: figs/metrics-example-loop-2-pdg.pdf  used on input lin
e 139.
(pdftex.def)             Requested size: 412.56497pt x 71.96974pt.
 [28 <./figs/metrics-example-loop-1-pdg.pdf>]
Underfull \vbox (badness 4726) has occurred while \output is active []

 [29 <./figs/metrics-example-loop-2-pdg.pdf>]) [30]
\openout2 = `src/implementation.aux'.

 (./src/implementation.tex
Chapter 4.

Underfull \hbox (badness 10000) in paragraph at lines 2--6

 []


Underfull \vbox (badness 2158) has occurred while \output is active []

 [31



]

LaTeX Font Warning: Font shape `OML/ptm/bx/n' undefined
(Font)              using `OML/ptm/m/it' instead
(Font)              for symbol `textless' on input line 14.

LaTeX Font Info:    Font shape `OML/ptm/m/it' in size <12> not available
(Font)              Font shape `OML/cmm/m/it' tried instead on input line 14.
LaTeX Font Info:    Font shape `OML/ptm/bx/n' in size <12> not available
(Font)              Font shape `OML/cmm/m/it' tried instead on input line 14.

Overfull \hbox (2.87994pt too wide) in paragraph at lines 14--15
[]\OT1/ptm/m/n/12 Function anal-y-sis pass, which builds de-pen-dence
 []


Overfull \hbox (2.13602pt too wide) in paragraph at lines 16--17
[]\OT1/ptm/m/n/12 This pass de-pends on the \OT1/ptm/b/n/12 Graph-Pass \OT1/ptm
/m/n/12 de-
 []

[32]

LaTeX Warning: Reference `ppar-tool-graph-visualization' on page 33 undefined o
n input line 26.

LaTeX Font Info:    Font shape `OT1/ptm/bx/sc' in size <12> not available
(Font)              Font shape `OT1/ptm/b/sc' tried instead on input line 38.
[33]
Overfull \hbox (20.44011pt too wide) in paragraph at lines 45--47
\OT1/ptm/b/n/12 GraphPass\OML/cmm/m/it/12 <\OT1/ptm/b/n/12 llvm::Instruction*,l
lvm::Dependence,MemoryDependenceGraphPass\OML/cmm/m/it/12 >\OT1/ptm/m/n/12 ,
 []


Overfull \hbox (3.12434pt too wide) in paragraph at lines 45--47
\OT1/ptm/b/n/12 Graph-Pass\OML/cmm/m/it/12 <\OT1/ptm/b/n/12 llvm::Instruction*,
ppar::Dependence,DataDependenceGraphPass\OML/cmm/m/it/12 >\OT1/ptm/m/n/12 ,
 []


Overfull \hbox (17.5842pt too wide) in paragraph at lines 45--47
\OT1/ptm/b/n/12 Graph-Pass\OML/cmm/m/it/12 <\OT1/ptm/b/n/12 llvm::BasicBlock*,p
par::Dependence,ControlDependenceGraphPass\OML/cmm/m/it/12 >\OT1/ptm/m/n/12 ,
 []


Overfull \hbox (24.2323pt too wide) in paragraph at lines 45--47
\OT1/ptm/b/n/12 Graph-Pass\OML/cmm/m/it/12 <\OT1/ptm/b/n/12 llvm::Instruction*,
ppar::Dependence,ProgramDependenceGraphPass\OML/cmm/m/it/12 >\OT1/ptm/m/n/12 . 

 []

[34]) [35]
\openout2 = `src/benchmarks.aux'.

 (./src/benchmarks.tex [36



]
Chapter 5.
) [37]
\openout2 = `src/analysis.aux'.

 (./src/analysis.tex [38



]
Chapter 6.
<figs/metrics-table.png, id=895, 1910.13625pt x 618.31pt>
File: figs/metrics-table.png Graphic file (type png)
<use figs/metrics-table.png>
Package pdftex.def Info: figs/metrics-table.png  used on input line 7.
(pdftex.def)             Requested size: 674.33032pt x 218.2798pt.

Underfull \vbox (badness 3364) has occurred while \output is active []

 [39]
[40 <./figs/metrics-table.png>]
<figs/outliers-filtering.png, id=923, 225.84375pt x 313.47113pt>
File: figs/outliers-filtering.png Graphic file (type png)
<use figs/outliers-filtering.png>
Package pdftex.def Info: figs/outliers-filtering.png  used on input line 23.
(pdftex.def)             Requested size: 412.56497pt x 572.7138pt.

Underfull \vbox (badness 2042) has occurred while \output is active []

 [41]
[42 <./figs/outliers-filtering.png (PNG copy)>]
<figs/loop-proportions-0.png, id=945, 402.90524pt x 587.19376pt>
File: figs/loop-proportions-0.png Graphic file (type png)
<use figs/loop-proportions-0.png>
Package pdftex.def Info: figs/loop-proportions-0.png  used on input line 41.
(pdftex.def)             Requested size: 412.56497pt x 601.31303pt.
<figs/loop-proportions-1.png, id=946, 405.61537pt x 588.09712pt>
File: figs/loop-proportions-1.png Graphic file (type png)
<use figs/loop-proportions-1.png>
Package pdftex.def Info: figs/loop-proportions-1.png  used on input line 47.
(pdftex.def)             Requested size: 412.56497pt x 598.19998pt.
 [43]
Overfull \vbox (14.12277pt too high) has occurred while \output is active []


[44 <./figs/loop-proportions-0.png (PNG copy)>]
<figs/loop-dependencies-number-0.png, id=961, 221.77856pt x 315.72957pt>
File: figs/loop-dependencies-number-0.png Graphic file (type png)
<use figs/loop-dependencies-number-0.png>
Package pdftex.def Info: figs/loop-dependencies-number-0.png  used on input lin
e 57.
(pdftex.def)             Requested size: 412.56497pt x 587.4099pt.

Underfull \vbox (badness 10000) has occurred while \output is active []

 [45 <./figs/loop-proportions-1.png (PNG copy)>]
Underfull \vbox (badness 10000) has occurred while \output is active []

 [46]
Overfull \vbox (19.50465pt too high) has occurred while \output is active []


[47 <./figs/loop-dependencies-number-0.png (PNG copy)>]
Overfull \hbox (16.29843pt too wide) in paragraph at lines 63--65
[] \OT1/ptm/m/n/12 As it can be seen from the fig-ures, dis-tri-bu-tions of par
-al-leliz-ible and non-parallelizible
 []

<figs/loop-cohesion-0.png, id=991, 407.42212pt x 585.387pt>
File: figs/loop-cohesion-0.png Graphic file (type png)
<use figs/loop-cohesion-0.png>
Package pdftex.def Info: figs/loop-cohesion-0.png  used on input line 73.
(pdftex.def)             Requested size: 412.56497pt x 592.7904pt.
<figs/loop-cohesion-1.png, id=992, 407.42212pt x 589.90387pt>
File: figs/loop-cohesion-1.png Graphic file (type png)
<use figs/loop-cohesion-1.png>
Package pdftex.def Info: figs/loop-cohesion-1.png  used on input line 79.
(pdftex.def)             Requested size: 412.56497pt x 597.36441pt.

Underfull \vbox (badness 10000) has occurred while \output is active []

 [48]
Underfull \vbox (badness 10000) has occurred while \output is active []

 [49 <./figs/loop-cohesion-0.png (PNG copy)>]
<figs/metrics-pca-13-to-3.png, id=1006, 1591.9475pt x 903.375pt>
File: figs/metrics-pca-13-to-3.png Graphic file (type png)
<use figs/metrics-pca-13-to-3.png>
Package pdftex.def Info: figs/metrics-pca-13-to-3.png  used on input line 89.
(pdftex.def)             Requested size: 412.56497pt x 234.11382pt.

Underfull \hbox (badness 10000) in paragraph at lines 86--92

 []


Underfull \vbox (badness 10000) has occurred while \output is active []

 [50 <./figs/loop-cohesion-1.png (PNG copy)>]
<figs/metrics-pca-parallelizability.png, id=1014, 1453.43pt x 915.42pt>
File: figs/metrics-pca-parallelizability.png Graphic file (type png)
<use figs/metrics-pca-parallelizability.png>
Package pdftex.def Info: figs/metrics-pca-parallelizability.png  used on input 
line 97.
(pdftex.def)             Requested size: 412.56497pt x 259.8498pt.
 [51 <./figs/metrics-pca-13-to-3.png (PNG copy)>]
<figs/metrics-4-clusters.png, id=1024, 1452.42625pt x 911.405pt>
File: figs/metrics-4-clusters.png Graphic file (type png)
<use figs/metrics-4-clusters.png>
Package pdftex.def Info: figs/metrics-4-clusters.png  used on input line 104.
(pdftex.def)             Requested size: 412.56497pt x 258.87698pt.

Underfull \hbox (badness 10000) in paragraph at lines 101--107

 []

[52 <./figs/metrics-pca-parallelizability.png (PNG copy)>]
<figs/clusters-metric-values.png, id=1032, 1565.85pt x 201.75375pt>
File: figs/clusters-metric-values.png Graphic file (type png)
<use figs/clusters-metric-values.png>
Package pdftex.def Info: figs/clusters-metric-values.png  used on input line 11
0.
(pdftex.def)             Requested size: 412.56497pt x 53.15663pt.
<figs/metrics-growth-directions.png, id=1036, 1520.68124pt x 971.63pt>
File: figs/metrics-growth-directions.png Graphic file (type png)
<use figs/metrics-growth-directions.png>
Package pdftex.def Info: figs/metrics-growth-directions.png  used on input line
 117.
(pdftex.def)             Requested size: 412.56497pt x 263.6038pt.

Underfull \hbox (badness 10000) in paragraph at lines 114--120

 []

[53 <./figs/metrics-4-clusters.png (PNG copy)> <./figs/clusters-metric-values.p
ng (PNG copy)>]
<figs/decision-tree-depth-3.pdf, id=1049, 1370.11874pt x 506.89375pt>
File: figs/decision-tree-depth-3.pdf Graphic file (type pdf)
<use figs/decision-tree-depth-3.pdf>
Package pdftex.def Info: figs/decision-tree-depth-3.pdf  used on input line 130
.
(pdftex.def)             Requested size: 674.33032pt x 249.48616pt.
<figs/decision-trees-single-metrics.png, id=1055, 1055.8647pt x 450.9648pt>
File: figs/decision-trees-single-metrics.png Graphic file (type png)
<use figs/decision-trees-single-metrics.png>
Package pdftex.def Info: figs/decision-trees-single-metrics.png  used on input 
line 138.
(pdftex.def)             Requested size: 412.56497pt x 176.20586pt.
 [54 <./figs/metrics-growth-directions.png>]
Underfull \vbox (badness 10000) has occurred while \output is active []

 [55]
[56 <./figs/decision-tree-depth-3.pdf>]
Underfull \hbox (badness 10000) in paragraph at lines 142--144

 []


Underfull \vbox (badness 1147) has occurred while \output is active []

 [57 <./figs/decision-trees-single-metrics.png (PNG copy)>]
Underfull \hbox (badness 10000) in paragraph at lines 165--166

 []

[58]
Underfull \hbox (badness 10000) in paragraph at lines 176--177

 []


Underfull \hbox (badness 10000) in paragraph at lines 180--200

 []

[59] [60] [61]
<figs/single-metric-ml-table-0.png, id=1160, 1632.0975pt x 182.6825pt>
File: figs/single-metric-ml-table-0.png Graphic file (type png)
<use figs/single-metric-ml-table-0.png>
Package pdftex.def Info: figs/single-metric-ml-table-0.png  used on input line 
259.
(pdftex.def)             Requested size: 674.33032pt x 75.47731pt.
<figs/metric-set-ml-table-0.png, id=1165, 1719.42375pt x 178.6675pt>
File: figs/metric-set-ml-table-0.png Graphic file (type png)
<use figs/metric-set-ml-table-0.png>
Package pdftex.def Info: figs/metric-set-ml-table-0.png  used on input line 262
.
(pdftex.def)             Requested size: 674.33032pt x 70.06989pt.
 [62]
Underfull \vbox (badness 10000) has occurred while \output is active []

 [63])
[64] [65 <./figs/single-metric-ml-table-0.png (PNG copy)> <./figs/metric-set-ml
-table-0.png (PNG copy)>]
\openout2 = `src/results.aux'.

 (./src/results.tex [66



]
Chapter 7.

Overfull \hbox (10.53362pt too wide) in paragraph at lines 8--13
[] \OT1/ptm/m/n/12 Af-ter the first graph vi-su-al-iza-tion fa-cil-i-ties (see 
sec-tion []4.1.4[]) (thanks to Graphviz
 []

[67]
Overfull \hbox (17.03963pt too wide) in paragraph at lines 20--23
\OT1/ptm/m/n/12 Such an-swers are not much bet-ter (if at all) than In-tel com-
piler's bi-nary "yes"/"no"
 []


Underfull \hbox (badness 10000) in paragraph at lines 20--23

 []

[68]
File: figs/metrics-pca-parallelizability.png Graphic file (type png)
<use figs/metrics-pca-parallelizability.png>
Package pdftex.def Info: figs/metrics-pca-parallelizability.png  used on input 
line 27.
(pdftex.def)             Requested size: 412.56497pt x 259.8498pt.

Underfull \hbox (badness 10000) in paragraph at lines 24--30

 []


Underfull \hbox (badness 10000) in paragraph at lines 31--33

 []

[69]
File: figs/decision-tree-depth-3.pdf Graphic file (type pdf)
<use figs/decision-tree-depth-3.pdf>
Package pdftex.def Info: figs/decision-tree-depth-3.pdf  used on input line 49.

(pdftex.def)             Requested size: 674.33032pt x 249.48616pt.
 [70] [71])
Overfull \hbox (8.4882pt too wide) in paragraph at lines 62--185
[] \OT1/ptm/m/n/12 How-ever, the work-ing frame-work, de-vel-oped with-ing that
 MSc by Re-search project,
 []

[72]
\openout2 = `src/future.aux'.

 (./src/future.tex
Chapter 8.
)
Underfull \vbox (badness 3364) has occurred while \output is active []

 [73



]
[74]
\openout2 = `src/appendix.aux'.

 (./src/appendix.tex
Appendix A.
<figs/metrics-pca-13-to-2.png, id=1305, 1579.9025pt x 916.42375pt>
File: figs/metrics-pca-13-to-2.png Graphic file (type png)
<use figs/metrics-pca-13-to-2.png>
Package pdftex.def Info: figs/metrics-pca-13-to-2.png  used on input line 8.
(pdftex.def)             Requested size: 412.56497pt x 239.29933pt.
<figs/loop-dependencies-number-1.png, id=1306, 219.97182pt x 317.53632pt>
File: figs/loop-dependencies-number-1.png Graphic file (type png)
<use figs/loop-dependencies-number-1.png>
Package pdftex.def Info: figs/loop-dependencies-number-1.png  used on input lin
e 15.
(pdftex.def)             Requested size: 412.56497pt x 595.55353pt.

LaTeX Warning: `h' float specifier changed to `ht'.

<figs/loop-dependencies-number-2.png, id=1307, 221.77856pt x 315.72957pt>
File: figs/loop-dependencies-number-2.png Graphic file (type png)
<use figs/loop-dependencies-number-2.png>
Package pdftex.def Info: figs/loop-dependencies-number-2.png  used on input lin
e 22.
(pdftex.def)             Requested size: 412.56497pt x 587.4099pt.

LaTeX Warning: `h' float specifier changed to `ht'.

<figs/single-metric-ml-table-1.png, id=1308, 1633.10126pt x 512.91624pt>
File: figs/single-metric-ml-table-1.png Graphic file (type png)
<use figs/single-metric-ml-table-1.png>
Package pdftex.def Info: figs/single-metric-ml-table-1.png  used on input line 
29.
(pdftex.def)             Requested size: 412.56497pt x 129.57489pt.
<figs/metric-set-ml-table-1.png, id=1309, 1719.42375pt x 413.545pt>
File: figs/metric-set-ml-table-1.png Graphic file (type png)
<use figs/metric-set-ml-table-1.png>
Package pdftex.def Info: figs/metric-set-ml-table-1.png  used on input line 36.

(pdftex.def)             Requested size: 412.56497pt x 99.22758pt.
<figs/decision-tree-depth-5.pdf, id=1310, 4672.45625pt x 833.1125pt>
File: figs/decision-tree-depth-5.pdf Graphic file (type pdf)
<use figs/decision-tree-depth-5.pdf>
Package pdftex.def Info: figs/decision-tree-depth-5.pdf  used on input line 43.

(pdftex.def)             Requested size: 674.33032pt x 120.23251pt.
) [75



 <./figs/metrics-pca-13-to-2.png (PNG copy)>] [76 <./figs/loop-dependencies-num
ber-1.png (PNG copy)>] [77 <./figs/loop-dependencies-number-2.png (PNG copy)>] 
[78 <./figs/single-metric-ml-table-1.png (PNG copy)> <./figs/metric-set-ml-tabl
e-1.png (PNG copy)>] [79 <./figs/decision-tree-depth-5.pdf>]
(./dissertation.bbl [80


]
Underfull \hbox (badness 1789) in paragraph at lines 33--35
[]\OT1/ptm/m/n/12 Intel Par-al-lel Stu-dio \OT1/ptm/m/sc/12 XE \OT1/ptm/m/n/12 
2018.  []$\OT1/pcr/m/n/12 https : / / software . intel . com / en-[]us /
 []

Missing character: There is no √ in font ptmr7t!
Missing character: There is no ≥ in font ptmr7t!
Missing character: There is no √ in font ptmr7t!
Missing character: There is no Å in font ptmr7t!
[81]
Underfull \hbox (badness 10000) in paragraph at lines 110--115
[]\OT1/ptm/m/n/12 Intel(R).  In-tel Guide for De-vel-op-ing Mul-ti-threaded Ap-
pli-
 []


Underfull \hbox (badness 10000) in paragraph at lines 110--115
\OT1/ptm/m/n/12 ca-tions.  []$\OT1/pcr/m/n/12 https : / / software . intel . co
m / en-[]us / articles /
 []

[82]
Underfull \hbox (badness 1147) in paragraph at lines 183--185
[]\OT1/ptm/m/n/12 scikit-learn: Ma-chine Learn-ing in Python.  []$\OT1/pcr/m/n/
12 http : / / scikit-[]learn . org /
 []

)
Package atveryend Info: Empty hook `BeforeClearDocument' on input line 208.
 [83]
Package atveryend Info: Empty hook `AfterLastShipout' on input line 208.
 (./dissertation.aux (./src/introduction.aux) (./src/background.aux)
(./src/metrics.aux) (./src/implementation.aux) (./src/benchmarks.aux)
(./src/analysis.aux) (./src/results.aux) (./src/future.aux) (./src/appendix.aux
))
Package atveryend Info: Executing hook `AtVeryEndDocument' on input line 208.
Package atveryend Info: Executing hook `AtEndAfterFileList' on input line 208.
Package rerunfilecheck Info: File `dissertation.out' has not changed.
(rerunfilecheck)             Checksum: F24E5A70B11B1D6E1EDE4C1EF752780C;5137.


LaTeX Font Warning: Some font shapes were not available, defaults substituted.


LaTeX Warning: There were undefined references.


LaTeX Warning: There were multiply-defined labels.

Package atveryend Info: Empty hook `AtVeryVeryEnd' on input line 208.
 ) 
Here is how much of TeX's memory you used:
 11430 strings out of 494805
 174544 string characters out of 6178000
 299970 words of memory out of 5000000
 14108 multiletter control sequences out of 15000+600000
 52251 words of font info for 99 fonts, out of 8000000 for 9000
 81 hyphenation exceptions out of 8191
 43i,15n,49p,1690b,1134s stack positions out of 5000i,500n,10000p,200000b,80000s
{/usr/share/texlive/texmf-dist/fonts/enc/dvips/base/8r.enc}</usr/share/texliv
e/texmf-dist/fonts/type1/public/amsfonts/cm/cmex10.pfb></usr/share/texlive/texm
f-dist/fonts/type1/public/amsfonts/cm/cmmi10.pfb></usr/share/texlive/texmf-dist
/fonts/type1/public/amsfonts/cm/cmmi12.pfb></usr/share/texlive/texmf-dist/fonts
/type1/public/amsfonts/cm/cmr10.pfb></usr/share/texlive/texmf-dist/fonts/type1/
public/amsfonts/cm/cmsy10.pfb></usr/share/texlive/texmf-dist/fonts/type1/urw/co
urier/ucrb8a.pfb></usr/share/texlive/texmf-dist/fonts/type1/urw/courier/ucrr8a.
pfb></usr/share/texlive/texmf-dist/fonts/type1/urw/helvetic/uhvb8a.pfb></usr/sh
are/texlive/texmf-dist/fonts/type1/urw/helvetic/uhvr8a.pfb></usr/share/texlive/
texmf-dist/fonts/type1/urw/helvetic/uhvro8a.pfb></usr/share/texlive/texmf-dist/
fonts/type1/urw/symbol/usyr.pfb></usr/share/texlive/texmf-dist/fonts/type1/urw/
times/utmb8a.pfb></usr/share/texlive/texmf-dist/fonts/type1/urw/times/utmbi8a.p
fb></usr/share/texlive/texmf-dist/fonts/type1/urw/times/utmr8a.pfb></usr/share/
texlive/texmf-dist/fonts/type1/urw/times/utmri8a.pfb>
Output written on dissertation.pdf (93 pages, 3465427 bytes).
PDF statistics:
 1508 PDF objects out of 1728 (max. 8388607)
 1332 compressed objects within 14 object streams
 364 named destinations out of 1000 (max. 500000)
 656 words of extra memory for PDF output out of 10000 (max. 10000000)

